<?xml version="1.0" encoding="UTF-8"?>
<testsuite xmlns:xsi="http://www.w3.org/2001/XMLSchema-instance" xsi:noNamespaceSchemaLocation="https://maven.apache.org/surefire/maven-surefire-plugin/xsd/surefire-test-report-3.0.xsd" version="3.0" name="com.example.AppTest" time="0.393" tests="3" errors="0" skipped="0" failures="0">
  <properties>
    <property name="java.specification.version" value="17"/>
    <property name="sun.cpu.isalist" value="amd64"/>
    <property name="sun.jnu.encoding" value="Cp1252"/>
    <property name="java.class.path" value="C:\Users\usuario\OneDrive\Documentos\lunes\segundo prueba\ejempo2\target\test-classes;C:\Users\usuario\OneDrive\Documentos\lunes\segundo prueba\ejempo2\target\classes;C:\Users\usuario\.m2\repository\org\testng\testng\6.14.3\testng-6.14.3.jar;C:\Users\usuario\.m2\repository\com\beust\jcommander\1.72\jcommander-1.72.jar;C:\Users\usuario\.m2\repository\org\apache-extras\beanshell\bsh\2.0b6\bsh-2.0b6.jar;"/>
    <property name="java.vm.vendor" value="Oracle Corporation"/>
    <property name="sun.arch.data.model" value="64"/>
    <property name="user.variant" value=""/>
    <property name="java.vendor.url" value="https://java.oracle.com/"/>
    <property name="user.timezone" value="America/Lima"/>
    <property name="os.name" value="Windows 11"/>
    <property name="java.vm.specification.version" value="17"/>
    <property name="sun.java.launcher" value="SUN_STANDARD"/>
    <property name="user.country" value="PE"/>
    <property name="sun.boot.library.path" value="C:\Program Files\Java\jdk-17\bin"/>
    <property name="sun.java.command" value="C:\Users\usuario\AppData\Local\Temp\surefire15775309355753149761\surefirebooter11070398205612423894.jar C:\Users\usuario\AppData\Local\Temp\surefire15775309355753149761 2024-06-29T19-24-08_631-jvmRun1 surefire17783941142615025775tmp surefire_07552217050689702812tmp"/>
    <property name="jdk.debug" value="release"/>
    <property name="surefire.test.class.path" value="C:\Users\usuario\OneDrive\Documentos\lunes\segundo prueba\ejempo2\target\test-classes;C:\Users\usuario\OneDrive\Documentos\lunes\segundo prueba\ejempo2\target\classes;C:\Users\usuario\.m2\repository\org\testng\testng\6.14.3\testng-6.14.3.jar;C:\Users\usuario\.m2\repository\com\beust\jcommander\1.72\jcommander-1.72.jar;C:\Users\usuario\.m2\repository\org\apache-extras\beanshell\bsh\2.0b6\bsh-2.0b6.jar;"/>
    <property name="sun.cpu.endian" value="little"/>
    <property name="user.home" value="C:\Users\usuario"/>
    <property name="user.language" value="es"/>
    <property name="java.specification.vendor" value="Oracle Corporation"/>
    <property name="java.version.date" value="2024-04-16"/>
    <property name="java.home" value="C:\Program Files\Java\jdk-17"/>
    <property name="file.separator" value="\"/>
    <property name="basedir" value="C:\Users\usuario\OneDrive\Documentos\lunes\segundo prueba\ejempo2"/>
    <property name="java.vm.compressedOopsMode" value="Zero based"/>
    <property name="line.separator" value="&#10;"/>
    <property name="java.vm.specification.vendor" value="Oracle Corporation"/>
    <property name="java.specification.name" value="Java Platform API Specification"/>
    <property name="surefire.real.class.path" value="C:\Users\usuario\AppData\Local\Temp\surefire15775309355753149761\surefirebooter11070398205612423894.jar"/>
    <property name="user.script" value=""/>
    <property name="sun.management.compiler" value="HotSpot 64-Bit Tiered Compilers"/>
    <property name="java.runtime.version" value="17.0.11+7-LTS-207"/>
    <property name="user.name" value="usuario"/>
    <property name="path.separator" value=";"/>
    <property name="os.version" value="10.0"/>
    <property name="java.runtime.name" value="Java(TM) SE Runtime Environment"/>
    <property name="file.encoding" value="Cp1252"/>
    <property name="java.vm.name" value="Java HotSpot(TM) 64-Bit Server VM"/>
    <property name="localRepository" value="C:\Users\usuario\.m2\repository"/>
    <property name="java.vendor.url.bug" value="https://bugreport.java.com/bugreport/"/>
    <property name="java.io.tmpdir" value="C:\Users\usuario\AppData\Local\Temp\"/>
    <property name="java.version" value="17.0.11"/>
    <property name="user.dir" value="C:\Users\usuario\OneDrive\Documentos\lunes\segundo prueba\ejempo2"/>
    <property name="os.arch" value="amd64"/>
    <property name="java.vm.specification.name" value="Java Virtual Machine Specification"/>
    <property name="sun.os.patch.level" value=""/>
    <property name="native.encoding" value="Cp1252"/>
    <property name="java.library.path" value="C:\Program Files\Java\jdk-17\bin;C:\WINDOWS\Sun\Java\bin;C:\WINDOWS\system32;C:\WINDOWS;C:\Users\usuario;C:\WINDOWS\system32;C:\WINDOWS;C:\WINDOWS\System32\Wbem;C:\WINDOWS\System32\WindowsPowerShell\v1.0\;C:\WINDOWS\System32\OpenSSH\;C:\Program Files (x86)\NVIDIA Corporation\PhysX\Common;C:\dev\flutter\bin;C:\Program Files\Git\cmd;C:\dart-sdk\bin;C:\Program Files\Java\jdk-22\bin;C:\Program Files\NVIDIA Corporation\NVIDIA app\NvDLISR;C:\bin\apache-maven-3.9.8-bin\apache-maven-3.9.8\bin;C:\Program Files\Java\jdk-17\bin;C:\Users\usuario\AppData\Local\Programs\Python\Launcher\;C:\Users\usuario\AppData\Local\Microsoft\WindowsApps;C:\Users\usuario\AppData\Local\Programs\Microsoft VS Code\bin;C:\dev\flutter\bin;C:\dart-sdk\bin;;."/>
    <property name="java.vm.info" value="mixed mode, sharing"/>
    <property name="java.vendor" value="Oracle Corporation"/>
    <property name="java.vm.version" value="17.0.11+7-LTS-207"/>
    <property name="sun.io.unicode.encoding" value="UnicodeLittle"/>
    <property name="java.class.version" value="61.0"/>
  </properties>
  <testcase name="testMethod" classname="com.example.AppTest" time="0.004">
    <system-out><![CDATA[AppTest.beforeSuite()
AppTest.beforeTest()
AppTest.beforeClass()
AppTest.beforeMethod()
AppTest.ffeefef(ERMENIGILDO)
]]></system-out>
  </testcase>
  <testcase name="testNameRoles" classname="com.example.AppTest" time="0.001">
    <system-out><![CDATA[AppTest.afterMethod()
AppTest.beforeMethod()
AppTest.testNameRoles(tu cargo  o lo que haces)
]]></system-out>
  </testcase>
  <testcase name="testNameUser" classname="com.example.AppTest" time="0">
    <system-out><![CDATA[AppTest.afterMethod()
AppTest.afterGroups(es tu rol)
AppTest.beforeGroups(eres usuario del grupo)
AppTest.beforeMethod()
AppTest.testNameUser(ERMENIGILDO Orbezo)
]]></system-out>
  </testcase>
</testsuite>