<?xml version="1.0" encoding="UTF-8"?>
<!-- Generated by org.testng.reporters.JUnitReportReporter -->
<testsuite hostname="DESKTOP-L16VT6H" failures="0" tests="3" name="com.example.AppTest" time="0.005" errors="0" timestamp="30 jun. 2024 00:24:09 GMT" skipped="0">
  <testcase classname="com.example.AppTest" name="testNameUser" time="0.001"/>
  <testcase classname="com.example.AppTest" name="testNameRoles" time="0.000"/>
  <testcase classname="com.example.AppTest" name="testMethod" time="0.004"/>
</testsuite> <!-- com.example.AppTest -->
